The system is: Windows - 10.0.18362 - AMD64
Compiling the C compiler identification source file "CMakeCCompilerId.c" succeeded.
Compiler: D:/Program Files (x86)/Microsoft Visual Studio/2019/Professional/VC/Tools/MSVC/14.23.28105/bin/Hostx64/x64/cl.exe 
Build flags: 
Id flags:  

The output was:
0
用于 x64 的 Microsoft (R) C/C++ 优化编译器 19.23.28107 版
版权所有(C) Microsoft Corporation。保留所有权利。

CMakeCCompilerId.c
Microsoft (R) Incremental Linker Version 14.23.28107.0
Copyright (C) Microsoft Corporation.  All rights reserved.

/out:CMakeCCompilerId.exe 
CMakeCCompilerId.obj 


Compilation of the C compiler identification source "CMakeCCompilerId.c" produced "CMakeCCompilerId.exe"

Compilation of the C compiler identification source "CMakeCCompilerId.c" produced "CMakeCCompilerId.obj"

The C compiler identification is MSVC, found in "E:/CProject/CLionProjects/embedC/cmake-build-debug/CMakeFiles/3.15.3/CompilerIdC/CMakeCCompilerId.exe"

Determining if the C compiler works passed with the following output:
Change Dir: E:/CProject/CLionProjects/embedC/cmake-build-debug/CMakeFiles/CMakeTmp

Run Build Command(s):nmake /nologo cmTC_839a5\fast && 	"D:\Program Files (x86)\Microsoft Visual Studio\2019\Professional\VC\Tools\MSVC\14.23.28105\bin\HostX64\x64\nmake.exe" -f CMakeFiles\cmTC_839a5.dir\build.make /nologo -L                  CMakeFiles\cmTC_839a5.dir\build
Building C object CMakeFiles/cmTC_839a5.dir/testCCompiler.c.obj
	"D:\Program Files (x86)\Microsoft Visual Studio\2019\Professional\VC\Tools\MSVC\14.23.28105\bin\Hostx64\x64\cl.exe" @C:\Users\11826\AppData\Local\Temp\nm4953.tmp
testCCompiler.c
Linking C executable cmTC_839a5.exe
	"D:\Program Files\JetBrains\CLion 2019.3.2\bin\cmake\win\bin\cmake.exe" -E vs_link_exe --intdir=CMakeFiles\cmTC_839a5.dir --rc=C:\PROGRA~2\WI3CF2~1\10\bin\100183~1.0\x64\rc.exe --mt=C:\PROGRA~2\WI3CF2~1\10\bin\100183~1.0\x64\mt.exe --manifests  -- "D:\Program Files (x86)\Microsoft Visual Studio\2019\Professional\VC\Tools\MSVC\14.23.28105\bin\Hostx64\x64\link.exe" /nologo @CMakeFiles\cmTC_839a5.dir\objects1.rsp @C:\Users\11826\AppData\Local\Temp\nm49B1.tmp



Detecting C compiler ABI info compiled with the following output:
Change Dir: E:/CProject/CLionProjects/embedC/cmake-build-debug/CMakeFiles/CMakeTmp

Run Build Command(s):nmake /nologo cmTC_451d5\fast && 	"D:\Program Files (x86)\Microsoft Visual Studio\2019\Professional\VC\Tools\MSVC\14.23.28105\bin\HostX64\x64\nmake.exe" -f CMakeFiles\cmTC_451d5.dir\build.make /nologo -L                  CMakeFiles\cmTC_451d5.dir\build
Building C object CMakeFiles/cmTC_451d5.dir/CMakeCCompilerABI.c.obj
	"D:\Program Files (x86)\Microsoft Visual Studio\2019\Professional\VC\Tools\MSVC\14.23.28105\bin\Hostx64\x64\cl.exe" @C:\Users\11826\AppData\Local\Temp\nm4B18.tmp
CMakeCCompilerABI.c
Linking C executable cmTC_451d5.exe
	"D:\Program Files\JetBrains\CLion 2019.3.2\bin\cmake\win\bin\cmake.exe" -E vs_link_exe --intdir=CMakeFiles\cmTC_451d5.dir --rc=C:\PROGRA~2\WI3CF2~1\10\bin\100183~1.0\x64\rc.exe --mt=C:\PROGRA~2\WI3CF2~1\10\bin\100183~1.0\x64\mt.exe --manifests  -- "D:\Program Files (x86)\Microsoft Visual Studio\2019\Professional\VC\Tools\MSVC\14.23.28105\bin\Hostx64\x64\link.exe" /nologo @CMakeFiles\cmTC_451d5.dir\objects1.rsp @C:\Users\11826\AppData\Local\Temp\nm4B76.tmp



